<?xml version="1.0" encoding="UTF-8"?>
<testng-results ignored="0" total="1" passed="1" failed="0" skipped="0">
  <reporter-output>
  </reporter-output>
  <suite started-at="2022-04-06T14:48:04 IST" name="Default suite" finished-at="2022-04-06T14:48:08 IST" duration-ms="3485">
    <groups>
    </groups>
    <test started-at="2022-04-06T14:48:04 IST" name="Default test" finished-at="2022-04-06T14:48:08 IST" duration-ms="3485">
      <class name="com.tests.BuilderPatternUsingLombak">
        <test-method signature="postJsonUsingBuilderTest()[pri:0, instance:com.tests.BuilderPatternUsingLombak@2accdbb5]" started-at="2022-04-06T14:48:04 IST" name="postJsonUsingBuilderTest" finished-at="2022-04-06T14:48:08 IST" duration-ms="3447" status="PASS">
          <reporter-output>
          </reporter-output>
        </test-method> <!-- postJsonUsingBuilderTest -->
      </class> <!-- com.tests.BuilderPatternUsingLombak -->
    </test> <!-- Default test -->
  </suite> <!-- Default suite -->
</testng-results>
